<?xml version="1.0" encoding="UTF-8"?>
<!-- Generated by org.testng.reporters.JUnitReportReporter -->
<testsuite skipped="0" hostname="FELIPE3169" name="TestNg" tests="1" failures="0" timestamp="2022-05-04T21:22:35 CLT" time="15.566" errors="0">
  <testcase name="TestLogin" time="15.566" classname="TestNg"/>
  <system-out/>
</testsuite> <!-- TestNg -->
