<?xml version="1.0" encoding="UTF-8"?>
<!-- Generated by org.testng.reporters.JUnitReportReporter -->
<testsuite skipped="0" hostname="FELIPE3169" name="TestNg" tests="2" failures="0" timestamp="2022-05-04T20:01:32 CLT" time="11.869" errors="0">
  <testcase name="f" time="7.963" classname="TestNg"/>
  <system-out/>
  <testcase name="f" time="3.906" classname="TestNg"/>
  <system-out/>
</testsuite> <!-- TestNg -->
