<?xml version="1.0" encoding="UTF-8"?>
<!-- Generated by org.testng.reporters.JUnitReportReporter -->
<testsuite hostname="FELIPE3169" failures="0" tests="2" name="TestNg" time="11.793" errors="0" timestamp="2022-05-04T18:49:31 CLT" skipped="0">
  <testcase classname="TestNg" name="f" time="4.419"/>
  <system-out/>
  <testcase classname="TestNg" name="f" time="7.374"/>
  <system-out/>
</testsuite> <!-- TestNg -->
