<?xml version="1.0" encoding="UTF-8"?>
<!-- Generated by org.testng.reporters.JUnitReportReporter -->
<testsuite skipped="0" hostname="FELIPE3169" name="JunitTest" tests="2" failures="0" timestamp="2022-05-04T21:22:40 CLT" time="7.878" errors="0">
  <testcase name="testCenexiÃ³n" time="4.704" classname="JunitTest"/>
  <system-out/>
  <testcase name="testLogin" time="3.174" classname="JunitTest"/>
  <system-out/>
</testsuite> <!-- JunitTest -->
