<?xml version="1.0" encoding="UTF-8"?>
<!-- Generated by org.testng.reporters.JUnitReportReporter -->
<testsuite skipped="0" hostname="FELIPE3169" name="JunitTest" tests="1" failures="0" timestamp="2022-05-04T20:01:34 CLT" time="2.354" errors="0">
  <testcase name="testCenexiÃ³n" time="2.354" classname="JunitTest"/>
  <system-out/>
</testsuite> <!-- JunitTest -->
