<?xml version="1.0" encoding="UTF-8"?>
<!-- Generated by org.testng.reporters.JUnitReportReporter -->
<testsuite skipped="0" hostname="FELIPE3169" name="TestNg" tests="2" failures="0" timestamp="2022-05-04T17:02:15 CLT" time="0.018" errors="0">
  <testcase name="f" time="0.013" classname="TestNg"/>
  <system-out/>
  <testcase name="f" time="0.005" classname="TestNg"/>
  <system-out/>
</testsuite> <!-- TestNg -->
