<?xml version="1.0" encoding="UTF-8"?>
<!-- Generated by org.testng.reporters.JUnitReportReporter -->
<testsuite hostname="FELIPE3169" failures="0" tests="1" name="JunitTest" time="2.604" errors="0" timestamp="2022-05-04T18:50:46 CLT" skipped="0">
  <testcase classname="JunitTest" name="testCenexiÃ³n" time="2.604"/>
  <system-out/>
</testsuite> <!-- JunitTest -->
